130923 13:02:16 [Note] Plugin 'FEDERATED' is disabled.
130923 13:02:16 InnoDB: The InnoDB memory heap is disabled
130923 13:02:16 InnoDB: Mutexes and rw_locks use Windows interlocked functions
130923 13:02:16 InnoDB: Compressed tables use zlib 1.2.3
130923 13:02:16 InnoDB: Initializing buffer pool, size = 128.0M
130923 13:02:16 InnoDB: Completed initialization of buffer pool
InnoDB: The first specified data file D:\Projects\git_server\links123\server\mysql\data\ibdata1 did not exist:
InnoDB: a new database to be created!
130923 13:02:16  InnoDB: Setting file D:\Projects\git_server\links123\server\mysql\data\ibdata1 size to 10 MB
InnoDB: Database physically writes the file full: wait...
130923 13:02:17  InnoDB: Log file D:\Projects\git_server\links123\server\mysql\data\ib_logfile0 did not exist: new to be created
InnoDB: Setting log file D:\Projects\git_server\links123\server\mysql\data\ib_logfile0 size to 5 MB
InnoDB: Database physically writes the file full: wait...
130923 13:02:17  InnoDB: Log file D:\Projects\git_server\links123\server\mysql\data\ib_logfile1 did not exist: new to be created
InnoDB: Setting log file D:\Projects\git_server\links123\server\mysql\data\ib_logfile1 size to 5 MB
InnoDB: Database physically writes the file full: wait...
InnoDB: Doublewrite buffer not found: creating new
InnoDB: Doublewrite buffer created
InnoDB: 127 rollback segment(s) active.
InnoDB: Creating foreign key constraint system tables
InnoDB: Foreign key constraint system tables created
130923 13:02:19  InnoDB: Waiting for the background threads to start
130923 13:02:20 InnoDB: 1.1.8 started; log sequence number 0
130923 13:02:20 [Note] Event Scheduler: Loaded 0 events
130923 13:02:20 [Note] D:\Projects\git_server\links123\server/mysql/bin/mysqld_usbwv8.exe: ready for connections.
Version: '5.5.20'  socket: ''  port: 3307  MySQL Community Server (GPL)
130923 13:02:31 [Note] Plugin 'FEDERATED' is disabled.
130923 13:02:31 InnoDB: The InnoDB memory heap is disabled
130923 13:02:31 InnoDB: Mutexes and rw_locks use Windows interlocked functions
130923 13:02:31 InnoDB: Compressed tables use zlib 1.2.3
130923 13:02:31 InnoDB: Initializing buffer pool, size = 128.0M
130923 13:02:31 InnoDB: Completed initialization of buffer pool
130923 13:02:31 InnoDB: highest supported file format is Barracuda.
InnoDB: The log sequence number in ibdata files does not match
InnoDB: the log sequence number in the ib_logfiles!
130923 13:02:31  InnoDB: Database was not shut down normally!
InnoDB: Starting crash recovery.
InnoDB: Reading tablespace information from the .ibd files...
InnoDB: Restoring possible half-written data pages from the doublewrite
InnoDB: buffer...
130923 13:02:32  InnoDB: Waiting for the background threads to start
130923 13:02:33 InnoDB: 1.1.8 started; log sequence number 1595675
130923 13:02:33 [Note] Event Scheduler: Loaded 0 events
130923 13:02:33 [Note] D:\Projects\git_server\links123\server/mysql/bin/mysqld_usbwv8.exe: ready for connections.
Version: '5.5.20'  socket: ''  port: 3307  MySQL Community Server (GPL)
130923 13:03:35 [Note] Plugin 'FEDERATED' is disabled.
130923 13:03:35 InnoDB: The InnoDB memory heap is disabled
130923 13:03:35 InnoDB: Mutexes and rw_locks use Windows interlocked functions
130923 13:03:35 InnoDB: Compressed tables use zlib 1.2.3
130923 13:03:35 InnoDB: Initializing buffer pool, size = 128.0M
130923 13:03:35 InnoDB: Completed initialization of buffer pool
130923 13:03:35 InnoDB: highest supported file format is Barracuda.
InnoDB: The log sequence number in ibdata files does not match
InnoDB: the log sequence number in the ib_logfiles!
130923 13:03:35  InnoDB: Database was not shut down normally!
InnoDB: Starting crash recovery.
InnoDB: Reading tablespace information from the .ibd files...
InnoDB: Restoring possible half-written data pages from the doublewrite
InnoDB: buffer...
130923 13:03:36  InnoDB: Waiting for the background threads to start
130923 13:03:37 InnoDB: 1.1.8 started; log sequence number 1595675
130923 13:03:37 [Note] Event Scheduler: Loaded 0 events
130923 13:03:37 [Note] D:\Projects\git_server\links123\server/mysql/bin/mysqld_usbwv8.exe: ready for connections.
Version: '5.5.20'  socket: ''  port: 3307  MySQL Community Server (GPL)
130923 13:20:25 [Note] Plugin 'FEDERATED' is disabled.
130923 13:20:25 InnoDB: The InnoDB memory heap is disabled
130923 13:20:25 InnoDB: Mutexes and rw_locks use Windows interlocked functions
130923 13:20:25 InnoDB: Compressed tables use zlib 1.2.3
130923 13:20:25 InnoDB: Initializing buffer pool, size = 128.0M
130923 13:20:25 InnoDB: Completed initialization of buffer pool
130923 13:20:26 InnoDB: highest supported file format is Barracuda.
InnoDB: The log sequence number in ibdata files does not match
InnoDB: the log sequence number in the ib_logfiles!
130923 13:20:26  InnoDB: Database was not shut down normally!
InnoDB: Starting crash recovery.
InnoDB: Reading tablespace information from the .ibd files...
InnoDB: Restoring possible half-written data pages from the doublewrite
InnoDB: buffer...
130923 13:20:26  InnoDB: Waiting for the background threads to start
130923 13:20:27 InnoDB: 1.1.8 started; log sequence number 5014011
130923 13:20:27 [Note] Event Scheduler: Loaded 0 events
130923 13:20:27 [Note] D:\Projects\git_server\links123\server/mysql/bin/mysqld_usbwv8.exe: ready for connections.
Version: '5.5.20'  socket: ''  port: 3306  MySQL Community Server (GPL)
130923 13:22:54 [Note] Plugin 'FEDERATED' is disabled.
130923 13:22:54 InnoDB: The InnoDB memory heap is disabled
130923 13:22:54 InnoDB: Mutexes and rw_locks use Windows interlocked functions
130923 13:22:54 InnoDB: Compressed tables use zlib 1.2.3
130923 13:22:54 InnoDB: Initializing buffer pool, size = 128.0M
130923 13:22:54 InnoDB: Completed initialization of buffer pool
130923 13:22:54 InnoDB: highest supported file format is Barracuda.
InnoDB: The log sequence number in ibdata files does not match
InnoDB: the log sequence number in the ib_logfiles!
130923 13:22:54  InnoDB: Database was not shut down normally!
InnoDB: Starting crash recovery.
InnoDB: Reading tablespace information from the .ibd files...
InnoDB: Restoring possible half-written data pages from the doublewrite
InnoDB: buffer...
130923 13:22:55  InnoDB: Waiting for the background threads to start
130923 13:22:56 InnoDB: 1.1.8 started; log sequence number 5014011
130923 13:22:56 [Note] Event Scheduler: Loaded 0 events
130923 13:22:56 [Note] D:\Projects\git_server\links123\server/mysql/bin/mysqld_usbwv8.exe: ready for connections.
Version: '5.5.20'  socket: ''  port: 3306  MySQL Community Server (GPL)
