::1 - - [23/Sep/2013:13:23:00 +0800] "GET / HTTP/1.1" 200 12242
::1 - - [23/Sep/2013:13:23:01 +0800] "GET /Public/IndexV3/css/base.css HTTP/1.1" 304 -
::1 - - [23/Sep/2013:13:23:01 +0800] "GET /Public/IndexV3/css/jquery-ui.css HTTP/1.1" 304 -
::1 - - [23/Sep/2013:13:23:01 +0800] "GET /Public/IndexV3/css/style.css HTTP/1.1" 304 -
::1 - - [23/Sep/2013:13:23:01 +0800] "GET /Public/skin/fancybox/jquery.fancybox.css HTTP/1.1" 304 -
::1 - - [23/Sep/2013:13:23:01 +0800] "GET /Public/IndexV3/css/app.css HTTP/1.1" 304 -
::1 - - [23/Sep/2013:13:23:01 +0800] "GET /Public/IndexV3/skins/dark/style.css HTTP/1.1" 304 -
::1 - - [23/Sep/2013:13:23:01 +0800] "GET /Public/IndexV3/js/respond.min.js HTTP/1.1" 304 -
::1 - - [23/Sep/2013:13:23:01 +0800] "GET /Public/skin/js/jquery-1.7.1.min.js HTTP/1.1" 304 -
::1 - - [23/Sep/2013:13:23:01 +0800] "GET /Public/IndexV3/js/jquery.placeholder.js HTTP/1.1" 304 -
::1 - - [23/Sep/2013:13:23:01 +0800] "GET /Public/IndexV3/skins/q/01_s.jpg HTTP/1.1" 304 -
::1 - - [23/Sep/2013:13:23:01 +0800] "GET /Public/IndexV3/skins/q/01_m.jpg HTTP/1.1" 304 -
::1 - - [23/Sep/2013:13:23:01 +0800] "GET /Public/IndexV3/skins/q/02_s.jpg HTTP/1.1" 304 -
::1 - - [23/Sep/2013:13:23:01 +0800] "GET /Public/IndexV3/skins/q/02_m.jpg HTTP/1.1" 304 -
::1 - - [23/Sep/2013:13:23:01 +0800] "GET /Public/IndexV3/skins/q/03_s.jpg HTTP/1.1" 304 -
::1 - - [23/Sep/2013:13:23:01 +0800] "GET /Public/IndexV3/skins/q/03_m.jpg HTTP/1.1" 304 -
::1 - - [23/Sep/2013:13:23:01 +0800] "GET /Public/IndexV3/imgs/app/app001.png HTTP/1.1" 304 -
::1 - - [23/Sep/2013:13:23:01 +0800] "GET /Public/IndexV3/imgs/app/app002.png HTTP/1.1" 304 -
::1 - - [23/Sep/2013:13:23:01 +0800] "GET /Public/IndexV3/imgs/app/app007.png HTTP/1.1" 304 -
::1 - - [23/Sep/2013:13:23:01 +0800] "GET /Public/IndexV3/imgs/app/app005.png HTTP/1.1" 304 -
::1 - - [23/Sep/2013:13:23:01 +0800] "GET /Public/IndexV3/imgs/sprite.png HTTP/1.1" 304 -
::1 - - [23/Sep/2013:13:23:01 +0800] "GET /Public/IndexV3/skins/dark/bg.jpg HTTP/1.1" 304 -
::1 - - [23/Sep/2013:13:23:01 +0800] "GET /Public/IndexV3/imgs/logo.png HTTP/1.1" 304 -
::1 - - [23/Sep/2013:13:23:01 +0800] "GET /Public/IndexV3/imgs/app/app-weather.png HTTP/1.1" 304 -
::1 - - [23/Sep/2013:13:23:01 +0800] "GET /Public/IndexV3/imgs/app/app004.png HTTP/1.1" 304 -
::1 - - [23/Sep/2013:13:23:01 +0800] "GET /Public/IndexV3/imgs/app/app-date.png HTTP/1.1" 304 -
::1 - - [23/Sep/2013:13:23:01 +0800] "GET /Public/IndexV3/imgs/app/app006.png HTTP/1.1" 304 -
::1 - - [23/Sep/2013:13:23:01 +0800] "GET /Public/IndexV3/imgs/app/app003.png HTTP/1.1" 304 -
::1 - - [23/Sep/2013:13:23:01 +0800] "GET /Public/IndexV3/skins/dark/sprite.png HTTP/1.1" 304 -
::1 - - [23/Sep/2013:13:23:01 +0800] "GET /Public/IndexV3/upload/02.jpg HTTP/1.1" 304 -
::1 - - [23/Sep/2013:13:23:01 +0800] "GET /Public/IndexV3/upload/03.jpg HTTP/1.1" 304 -
::1 - - [23/Sep/2013:13:23:01 +0800] "GET /Public/Uploads/Others/1262598.jpg HTTP/1.1" 500 534
::1 - - [23/Sep/2013:13:23:01 +0800] "GET /Public/Uploads/Others/10554229.jpg HTTP/1.1" 500 534
::1 - - [23/Sep/2013:13:23:01 +0800] "GET /Public/IndexV3/upload/04.jpg HTTP/1.1" 304 -
::1 - - [23/Sep/2013:13:23:01 +0800] "GET /Public/IndexV3/upload/05.jpg HTTP/1.1" 304 -
::1 - - [23/Sep/2013:13:23:01 +0800] "GET /Public/IndexV3/upload/06.jpg HTTP/1.1" 304 -
::1 - - [23/Sep/2013:13:23:01 +0800] "GET /Public/IndexV3/upload/07.jpg HTTP/1.1" 304 -
::1 - - [23/Sep/2013:13:23:01 +0800] "GET /Public/IndexV3/upload/08.jpg HTTP/1.1" 304 -
::1 - - [23/Sep/2013:13:23:01 +0800] "GET /Public/skin/js/jquery.cookies.2.2.0.min.js HTTP/1.1" 304 -
::1 - - [23/Sep/2013:13:23:01 +0800] "GET /Public/skin/fancybox/jquery.fancybox.js HTTP/1.1" 304 -
::1 - - [23/Sep/2013:13:23:01 +0800] "GET /Public/IndexV3/js/jquery.switchable.js HTTP/1.1" 304 -
::1 - - [23/Sep/2013:13:23:01 +0800] "GET /Public/skin/js/jquery-ui.min.js HTTP/1.1" 304 -
::1 - - [23/Sep/2013:13:23:01 +0800] "GET /Public/skin/fancybox/jquery.bpopup-0.5.1.min.js HTTP/1.1" 304 -
::1 - - [23/Sep/2013:13:23:07 +0800] "GET /Public/skin/js/json2.js HTTP/1.1" 304 -
::1 - - [23/Sep/2013:13:23:07 +0800] "GET /Public/IndexV3/js/common.js?2013092101 HTTP/1.1" 304 -
::1 - - [23/Sep/2013:13:23:07 +0800] "GET /Public/IndexV3/js/index.js?2013092101 HTTP/1.1" 304 -
::1 - - [23/Sep/2013:13:23:07 +0800] "GET /Public/IndexV3/js/widget.js?2013091801 HTTP/1.1" 304 -
::1 - - [23/Sep/2013:13:23:07 +0800] "GET /Public/IndexV3/imgs/jquery-ui/ui-bg_flat_75_ffffff_40x100.png HTTP/1.1" 304 -
